<?xml version="1.0" encoding="UTF-8"?>
<!-- Generated by org.testng.reporters.JUnitReportReporter -->
<testsuite hostname="Salenium-03" failures="0" tests="1" name="com.Spree.Get_Retrive_Country_JSONPath" time="14.730" errors="0" timestamp="2022-10-12T19:57:02 GMT-07:00" skipped="0">
  <testcase classname="com.Spree.Get_Retrive_Country_JSONPath" name="Get_Retrive_Country" time="14.730"/>
  <system-out/>
</testsuite> <!-- com.Spree.Get_Retrive_Country_JSONPath -->
