<?xml version="1.0" encoding="UTF-8"?>
<!-- Generated by org.testng.reporters.JUnitReportReporter -->
<testsuite hostname="Salenium-03" failures="0" tests="1" name="com.Spree.Get_Default_Country_TestNG" time="10.682" errors="0" timestamp="2022-10-11T09:16:37 GMT-07:00" skipped="0">
  <testcase classname="com.Spree.Get_Default_Country_TestNG" name="Get_Default_Country" time="10.682"/>
  <system-out/>
</testsuite> <!-- com.Spree.Get_Default_Country_TestNG -->
