<?xml version="1.0" encoding="UTF-8"?>
<!-- Generated by org.testng.reporters.JUnitReportReporter -->
<testsuite hostname="Salenium-03" failures="0" tests="1" name="com.Spree.Refresh_Token" time="13.674" errors="0" timestamp="2022-10-13T17:00:53 GMT-07:00" skipped="0">
  <testcase classname="com.Spree.Refresh_Token" name="Refresh_Token1" time="13.674"/>
  <system-out/>
</testsuite> <!-- com.Spree.Refresh_Token -->
