<?xml version="1.0" encoding="UTF-8"?>
<!-- Generated by org.testng.reporters.JUnitReportReporter -->
<testsuite hostname="Salenium-03" failures="0" tests="3" name="com.Spree.Post_Create_an_Adress" time="5.215" errors="0" timestamp="2022-10-12T18:35:39 GMT-07:00" skipped="0">
  <testcase classname="com.Spree.Post_Create_an_Adress" name="POST_Create_Address" time="3.276"/>
  <system-out/>
  <testcase classname="com.Spree.Post_Create_an_Adress" name="Patch_Update_Address" time="1.084"/>
  <system-out/>
  <testcase classname="com.Spree.Post_Create_an_Adress" name="DELETE_Updated_Address" time="0.855"/>
  <system-out/>
</testsuite> <!-- com.Spree.Post_Create_an_Adress -->
