<?xml version="1.0" encoding="UTF-8"?>
<!-- Generated by org.testng.reporters.JUnitReportReporter -->
<testsuite hostname="Salenium-03" failures="0" tests="1" name="com.Spree.Get_Default_Country_Using_JSONPath" time="11.194" errors="0" timestamp="2022-10-12T07:33:08 GMT-07:00" skipped="0">
  <testcase classname="com.Spree.Get_Default_Country_Using_JSONPath" name="Get_Default_Country" time="11.194"/>
  <system-out/>
</testsuite> <!-- com.Spree.Get_Default_Country_Using_JSONPath -->
