<?xml version="1.0" encoding="UTF-8"?>
<!-- Generated by org.testng.reporters.JUnitReportReporter -->
<testsuite hostname="Salenium-03" failures="0" tests="1" name="com.Spree.Create_an_Adress" time="2.685" errors="0" timestamp="2022-10-11T12:02:44 GMT-07:00" skipped="0">
  <testcase classname="com.Spree.Create_an_Adress" name="POST_Create_Address" time="2.685"/>
  <system-out/>
</testsuite> <!-- com.Spree.Create_an_Adress -->
