<?xml version="1.0" encoding="UTF-8"?>
<!-- Generated by org.testng.reporters.JUnitReportReporter -->
<testsuite hostname="Salenium-03" failures="0" tests="2" name="com.Spree.Post_Create_Account" time="28.738" errors="0" timestamp="2022-10-12T23:06:02 GMT-07:00" skipped="0">
  <testcase classname="com.Spree.Post_Create_Account" name="POST_Create_Address" time="2.279"/>
  <system-out/>
  <testcase classname="com.Spree.Post_Create_Account" name="login_And_Verify" time="26.459"/>
  <system-out/>
</testsuite> <!-- com.Spree.Post_Create_Account -->
