<?xml version="1.0" encoding="UTF-8"?>
<!-- Generated by org.testng.reporters.JUnitReportReporter -->
<testsuite hostname="Salenium-03" failures="0" tests="5" name="com.Spree.Country_Using_Data" time="15.816" errors="0" timestamp="2022-10-12T08:06:00 GMT-07:00" skipped="0">
  <testcase classname="com.Spree.Country_Using_Data" name="countryData" time="0.753"/>
  <system-out/>
  <testcase classname="com.Spree.Country_Using_Data" name="countryData" time="0.921"/>
  <system-out/>
  <testcase classname="com.Spree.Country_Using_Data" name="countryData" time="0.863"/>
  <system-out/>
  <testcase classname="com.Spree.Country_Using_Data" name="countryData" time="0.817"/>
  <system-out/>
  <testcase classname="com.Spree.Country_Using_Data" name="countryData" time="12.462"/>
  <system-out/>
</testsuite> <!-- com.Spree.Country_Using_Data -->
